<?xml version="1.0" encoding="UTF-8"?>
<!-- Generated by org.testng.reporters.JUnitReportReporter -->
<testsuite hostname="QT-INBG-LT0281" failures="0" tests="3" name="tsngop.sin" time="20.615" errors="0" timestamp="2022-09-19T10:27:38 IST" skipped="0">
  <testcase classname="tsngop.sin" name="set" time="10.142"/>
  <system-out/>
  <testcase classname="tsngop.sin" name="set" time="5.459"/>
  <system-out/>
  <testcase classname="tsngop.sin" name="set" time="5.014"/>
  <system-out/>
</testsuite> <!-- tsngop.sin -->
